<?xml version="1.0" encoding="UTF-8"?>
<testng-results ignored="0" total="2" passed="2" failed="0" skipped="0">
  <reporter-output>
  </reporter-output>
  <suite started-at="2024-03-16T09:03:04 GMT" name="MyLearning" finished-at="2024-03-16T09:03:56 GMT" duration-ms="52140">
    <groups>
    </groups>
    <test started-at="2024-03-16T09:03:04 GMT" name="Personal Loan" finished-at="2024-03-16T09:03:56 GMT" duration-ms="52140">
      <class name="SeleniumFramework2.Data.CartMainRun">
        <test-method is-config="true" signature="PreRun()[pri:0, instance:SeleniumFramework2.Data.CartMainRun@2a265ea9]" started-at="2024-03-16T09:03:04 GMT" name="PreRun" finished-at="2024-03-16T09:03:44 GMT" duration-ms="40027" status="PASS">
          <reporter-output>
          </reporter-output>
        </test-method> <!-- PreRun -->
        <test-method signature="CartMainRun(java.lang.String,java.lang.String)[pri:0, instance:SeleniumFramework2.Data.CartMainRun@2a265ea9]" started-at="2024-03-16T09:03:45 GMT" name="CartMainRun" data-provider="cartlogin" finished-at="2024-03-16T09:03:51 GMT" duration-ms="6126" status="PASS">
          <params>
            <param index="0">
              <value>
                <![CDATA[kumar@abcd.com]]>
              </value>
            </param>
            <param index="1">
              <value>
                <![CDATA[Lokesh123]]>
              </value>
            </param>
          </params>
          <reporter-output>
          </reporter-output>
        </test-method> <!-- CartMainRun -->
        <test-method signature="CartMainRun(java.lang.String,java.lang.String)[pri:0, instance:SeleniumFramework2.Data.CartMainRun@2a265ea9]" started-at="2024-03-16T09:03:51 GMT" name="CartMainRun" data-provider="cartlogin" finished-at="2024-03-16T09:03:56 GMT" duration-ms="5616" status="PASS">
          <params>
            <param index="0">
              <value>
                <![CDATA[kumar@abcde.com]]>
              </value>
            </param>
            <param index="1">
              <value>
                <![CDATA[Kumar123]]>
              </value>
            </param>
          </params>
          <reporter-output>
          </reporter-output>
        </test-method> <!-- CartMainRun -->
      </class> <!-- SeleniumFramework2.Data.CartMainRun -->
    </test> <!-- Personal Loan -->
  </suite> <!-- MyLearning -->
</testng-results>
